<?xml version="1.0" encoding="UTF-8"?>
<!-- Generated by org.testng.reporters.JUnitReportReporter -->
<testsuite skipped="0" hostname="CHETHAN-TYC1121700" name="maven_Jenkins.TC_08Test" tests="1" failures="0" timestamp="2022-02-03T14:22:20 IST" time="20.868" errors="0">
  <testcase name="lauchDemoActiTime" time="20.868" classname="maven_Jenkins.TC_08Test"/>
  <system-out/>
</testsuite> <!-- maven_Jenkins.TC_08Test -->
