<?xml version="1.0" encoding="UTF-8"?>
<!-- Generated by org.testng.reporters.JUnitReportReporter -->
<testsuite skipped="0" hostname="CHETHAN-TYC1121700" name="v_Tiger_Mini_Project.TC_08" tests="1" failures="0" timestamp="2022-01-28T14:19:43 IST" time="18.446" errors="0">
  <testcase name="createContact" time="18.446" classname="v_Tiger_Mini_Project.TC_08"/>
  <system-out/>
</testsuite> <!-- v_Tiger_Mini_Project.TC_08 -->
